Looking in indexes: http://mirrors.aliyun.com/pypi/simple/
Collecting Flask (from -r requirements.txt (line 1))
  Downloading http://mirrors.aliyun.com/pypi/packages/9b/93/628509b8d5dc749656a9641f4caf13540e2cdec85276964ff8f43bbb1d3b/Flask-1.1.1-py2.py3-none-any.whl (94kB)
Collecting Gunicorn (from -r requirements.txt (line 2))
  Downloading http://mirrors.aliyun.com/pypi/packages/8c/da/b8dd8deb741bff556db53902d4706774c8e1e67265f69528c14c003644e6/gunicorn-19.9.0-py2.py3-none-any.whl (112kB)
Requirement already satisfied: Werkzeug in /root/miniconda3/envs/webapp/lib/python3.6/site-packages (from -r requirements.txt (line 3)) (0.16.0)
Requirement already satisfied: numpy in /root/miniconda3/envs/webapp/lib/python3.6/site-packages (from -r requirements.txt (line 4)) (1.17.3)
Requirement already satisfied: pandas in /root/miniconda3/envs/webapp/lib/python3.6/site-packages (from -r requirements.txt (line 5)) (0.25.2)
Requirement already satisfied: opencv-python in /root/miniconda3/envs/webapp/lib/python3.6/site-packages (from -r requirements.txt (line 6)) (4.1.1.26)
Collecting cmake (from -r requirements.txt (line 7))
  Downloading http://mirrors.aliyun.com/pypi/packages/ff/34/0a311fedffcc7a153bbc0390ef4c378dbc7f09f9865247137f82d62f8e7a/cmake-3.15.3-py3-none-manylinux2010_x86_64.whl (16.5MB)
Requirement already satisfied: argparse in /root/miniconda3/envs/webapp/lib/python3.6/site-packages (from -r requirements.txt (line 8)) (1.4.0)
Collecting scipy (from -r requirements.txt (line 9))
  Downloading http://mirrors.aliyun.com/pypi/packages/29/50/a552a5aff252ae915f522e44642bb49a7b7b31677f9580cfd11bcc869976/scipy-1.3.1-cp36-cp36m-manylinux1_x86_64.whl (25.2MB)
Collecting dlib (from -r requirements.txt (line 10))
  Downloading http://mirrors.aliyun.com/pypi/packages/1e/62/aacb236d21fbd08148b1d517d58a9d80ea31bdcd386d26f21f8b23b1eb28/dlib-19.18.0.tar.gz (3.1MB)
Requirement already satisfied: tensorflow in /root/miniconda3/envs/webapp/lib/python3.6/site-packages (from -r requirements.txt (line 11)) (2.0.0)
Requirement already satisfied: imutils in /root/miniconda3/envs/webapp/lib/python3.6/site-packages (from -r requirements.txt (line 12)) (0.5.3)
Collecting tika (from -r requirements.txt (line 13))
  Downloading http://mirrors.aliyun.com/pypi/packages/10/75/b566e446ffcf292f10c8d84c15a3d91615fe3d7ca8072a17c949d4e84b66/tika-1.19.tar.gz
Collecting wave (from -r requirements.txt (line 14))
  Downloading http://mirrors.aliyun.com/pypi/packages/df/33/5a06e0c47a147b2683876ba7c576fad13e92b0b16755eb431e56c341e0cf/Wave-0.0.2.tar.gz
Collecting nltk (from -r requirements.txt (line 15))
  Downloading http://mirrors.aliyun.com/pypi/packages/f6/1d/d925cfb4f324ede997f6d47bea4d9babba51b49e87a767c170b77005889d/nltk-3.4.5.zip (1.5MB)
Collecting gensim (from -r requirements.txt (line 16))
  Downloading http://mirrors.aliyun.com/pypi/packages/d1/dd/112bd4258cee11e0baaaba064060eb156475a42362e59e3ff28e7ca2d29d/gensim-3.8.1-cp36-cp36m-manylinux1_x86_64.whl (24.2MB)
Collecting seaborn (from -r requirements.txt (line 17))
  Downloading http://mirrors.aliyun.com/pypi/packages/a8/76/220ba4420459d9c4c9c9587c6ce607bf56c25b3d3d2de62056efe482dadc/seaborn-0.9.0-py3-none-any.whl (208kB)
Collecting scikit-learn (from -r requirements.txt (line 18))
  Downloading http://mirrors.aliyun.com/pypi/packages/a0/c5/d2238762d780dde84a20b8c761f563fe882b88c5a5fb03c056547c442a19/scikit_learn-0.21.3-cp36-cp36m-manylinux1_x86_64.whl (6.7MB)
Collecting dill (from -r requirements.txt (line 19))
  Downloading http://mirrors.aliyun.com/pypi/packages/c7/11/345f3173809cea7f1a193bfbf02403fff250a3360e0e118a1630985e547d/dill-0.3.1.1.tar.gz (151kB)
Collecting keras (from -r requirements.txt (line 20))
  Downloading http://mirrors.aliyun.com/pypi/packages/ad/fd/6bfe87920d7f4fd475acd28500a42482b6b84479832bdc0fe9e589a60ceb/Keras-2.3.1-py2.py3-none-any.whl (377kB)
Collecting wordcloud (from -r requirements.txt (line 21))
  Downloading http://mirrors.aliyun.com/pypi/packages/ae/af/849edf14d573eba9c8082db898ff0d090428d9485371cc4fe21a66717ad2/wordcloud-1.5.0-cp36-cp36m-manylinux1_x86_64.whl (361kB)
Requirement already satisfied: altair in /root/miniconda3/envs/webapp/lib/python3.6/site-packages (from -r requirements.txt (line 27)) (3.2.0)
Requirement already satisfied: requests in /root/miniconda3/envs/webapp/lib/python3.6/site-packages (from -r requirements.txt (line 28)) (2.22.0)
Requirement already satisfied: Jinja2>=2.10.1 in /root/miniconda3/envs/webapp/lib/python3.6/site-packages (from Flask->-r requirements.txt (line 1)) (2.10.3)
Collecting click>=5.1 (from Flask->-r requirements.txt (line 1))
  Downloading http://mirrors.aliyun.com/pypi/packages/fa/37/45185cb5abbc30d7257104c434fe0b07e5a195a6847506c074527aa599ec/Click-7.0-py2.py3-none-any.whl (81kB)
Collecting itsdangerous>=0.24 (from Flask->-r requirements.txt (line 1))
  Downloading http://mirrors.aliyun.com/pypi/packages/76/ae/44b03b253d6fade317f32c24d100b3b35c2239807046a4c953c7b89fa49e/itsdangerous-1.1.0-py2.py3-none-any.whl
Requirement already satisfied: python-dateutil>=2.6.1 in /root/miniconda3/envs/webapp/lib/python3.6/site-packages (from pandas->-r requirements.txt (line 5)) (2.8.0)
Requirement already satisfied: pytz>=2017.2 in /root/miniconda3/envs/webapp/lib/python3.6/site-packages (from pandas->-r requirements.txt (line 5)) (2019.3)
Requirement already satisfied: keras-preprocessing>=1.0.5 in /root/miniconda3/envs/webapp/lib/python3.6/site-packages (from tensorflow->-r requirements.txt (line 11)) (1.1.0)
Requirement already satisfied: termcolor>=1.1.0 in /root/miniconda3/envs/webapp/lib/python3.6/site-packages (from tensorflow->-r requirements.txt (line 11)) (1.1.0)
Requirement already satisfied: google-pasta>=0.1.6 in /root/miniconda3/envs/webapp/lib/python3.6/site-packages (from tensorflow->-r requirements.txt (line 11)) (0.1.7)
Requirement already satisfied: wheel>=0.26 in /root/miniconda3/envs/webapp/lib/python3.6/site-packages (from tensorflow->-r requirements.txt (line 11)) (0.33.6)
Requirement already satisfied: opt-einsum>=2.3.2 in /root/miniconda3/envs/webapp/lib/python3.6/site-packages (from tensorflow->-r requirements.txt (line 11)) (3.1.0)
Requirement already satisfied: six>=1.10.0 in /root/miniconda3/envs/webapp/lib/python3.6/site-packages (from tensorflow->-r requirements.txt (line 11)) (1.12.0)
Requirement already satisfied: tensorflow-estimator<2.1.0,>=2.0.0 in /root/miniconda3/envs/webapp/lib/python3.6/site-packages (from tensorflow->-r requirements.txt (line 11)) (2.0.1)
Requirement already satisfied: tensorboard<2.1.0,>=2.0.0 in /root/miniconda3/envs/webapp/lib/python3.6/site-packages (from tensorflow->-r requirements.txt (line 11)) (2.0.0)
Requirement already satisfied: grpcio>=1.8.6 in /root/miniconda3/envs/webapp/lib/python3.6/site-packages (from tensorflow->-r requirements.txt (line 11)) (1.24.1)
Requirement already satisfied: astor>=0.6.0 in /root/miniconda3/envs/webapp/lib/python3.6/site-packages (from tensorflow->-r requirements.txt (line 11)) (0.8.0)
Requirement already satisfied: keras-applications>=1.0.8 in /root/miniconda3/envs/webapp/lib/python3.6/site-packages (from tensorflow->-r requirements.txt (line 11)) (1.0.8)
Requirement already satisfied: absl-py>=0.7.0 in /root/miniconda3/envs/webapp/lib/python3.6/site-packages (from tensorflow->-r requirements.txt (line 11)) (0.8.1)
Requirement already satisfied: wrapt>=1.11.1 in /root/miniconda3/envs/webapp/lib/python3.6/site-packages (from tensorflow->-r requirements.txt (line 11)) (1.11.2)
Requirement already satisfied: gast==0.2.2 in /root/miniconda3/envs/webapp/lib/python3.6/site-packages (from tensorflow->-r requirements.txt (line 11)) (0.2.2)
Requirement already satisfied: protobuf>=3.6.1 in /root/miniconda3/envs/webapp/lib/python3.6/site-packages (from tensorflow->-r requirements.txt (line 11)) (3.10.0)
Requirement already satisfied: setuptools in /root/miniconda3/envs/webapp/lib/python3.6/site-packages (from tika->-r requirements.txt (line 13)) (41.4.0)
Collecting smart-open>=1.8.1 (from gensim->-r requirements.txt (line 16))
  Downloading http://mirrors.aliyun.com/pypi/packages/37/c0/25d19badc495428dec6a4bf7782de617ee0246a9211af75b302a2681dea7/smart_open-1.8.4.tar.gz (63kB)
Collecting matplotlib>=1.4.3 (from seaborn->-r requirements.txt (line 17))
  Downloading http://mirrors.aliyun.com/pypi/packages/57/4f/dd381ecf6c6ab9bcdaa8ea912e866dedc6e696756156d8ecc087e20817e2/matplotlib-3.1.1-cp36-cp36m-manylinux1_x86_64.whl (13.1MB)
Collecting joblib>=0.11 (from scikit-learn->-r requirements.txt (line 18))
  Downloading http://mirrors.aliyun.com/pypi/packages/8f/42/155696f85f344c066e17af287359c9786b436b1bf86029bb3411283274f3/joblib-0.14.0-py2.py3-none-any.whl (294kB)
Collecting pyyaml (from keras->-r requirements.txt (line 20))
Requirement already satisfied: h5py in /root/miniconda3/envs/webapp/lib/python3.6/site-packages (from keras->-r requirements.txt (line 20)) (2.10.0)
Collecting pillow (from wordcloud->-r requirements.txt (line 21))
  Downloading http://mirrors.aliyun.com/pypi/packages/19/66/6113477dc3206ccb1e192cffd626f2840ead02375a6cebe2436ad4c19f61/Pillow-6.2.0-cp36-cp36m-manylinux1_x86_64.whl (2.1MB)
Requirement already satisfied: entrypoints in /root/miniconda3/envs/webapp/lib/python3.6/site-packages (from altair->-r requirements.txt (line 27)) (0.3)
Requirement already satisfied: jsonschema in /root/miniconda3/envs/webapp/lib/python3.6/site-packages (from altair->-r requirements.txt (line 27)) (3.0.2)
Requirement already satisfied: toolz in /root/miniconda3/envs/webapp/lib/python3.6/site-packages (from altair->-r requirements.txt (line 27)) (0.10.0)
Requirement already satisfied: certifi>=2017.4.17 in /root/miniconda3/envs/webapp/lib/python3.6/site-packages (from requests->-r requirements.txt (line 28)) (2019.9.11)
Requirement already satisfied: chardet<3.1.0,>=3.0.2 in /root/miniconda3/envs/webapp/lib/python3.6/site-packages (from requests->-r requirements.txt (line 28)) (3.0.4)
Requirement already satisfied: urllib3!=1.25.0,!=1.25.1,<1.26,>=1.21.1 in /root/miniconda3/envs/webapp/lib/python3.6/site-packages (from requests->-r requirements.txt (line 28)) (1.24.2)
Requirement already satisfied: idna<2.9,>=2.5 in /root/miniconda3/envs/webapp/lib/python3.6/site-packages (from requests->-r requirements.txt (line 28)) (2.8)
Requirement already satisfied: MarkupSafe>=0.23 in /root/miniconda3/envs/webapp/lib/python3.6/site-packages (from Jinja2>=2.10.1->Flask->-r requirements.txt (line 1)) (1.1.1)
Requirement already satisfied: markdown>=2.6.8 in /root/miniconda3/envs/webapp/lib/python3.6/site-packages (from tensorboard<2.1.0,>=2.0.0->tensorflow->-r requirements.txt (line 11)) (3.1.1)
Collecting boto>=2.32 (from smart-open>=1.8.1->gensim->-r requirements.txt (line 16))
  Downloading http://mirrors.aliyun.com/pypi/packages/23/10/c0b78c27298029e4454a472a1919bde20cb182dab1662cec7f2ca1dcc523/boto-2.49.0-py2.py3-none-any.whl (1.4MB)
Collecting boto3 (from smart-open>=1.8.1->gensim->-r requirements.txt (line 16))
  Downloading http://mirrors.aliyun.com/pypi/packages/f6/fa/6397049020b312f71c397fff8d10247c2e49da760e2807af7d21e3c23695/boto3-1.9.253-py2.py3-none-any.whl (128kB)
Collecting kiwisolver>=1.0.1 (from matplotlib>=1.4.3->seaborn->-r requirements.txt (line 17))
  Downloading http://mirrors.aliyun.com/pypi/packages/f8/a1/5742b56282449b1c0968197f63eae486eca2c35dcd334bab75ad524e0de1/kiwisolver-1.1.0-cp36-cp36m-manylinux1_x86_64.whl (90kB)
Collecting pyparsing!=2.0.4,!=2.1.2,!=2.1.6,>=2.0.1 (from matplotlib>=1.4.3->seaborn->-r requirements.txt (line 17))
  Downloading http://mirrors.aliyun.com/pypi/packages/11/fa/0160cd525c62d7abd076a070ff02b2b94de589f1a9789774f17d7c54058e/pyparsing-2.4.2-py2.py3-none-any.whl (65kB)
Collecting cycler>=0.10 (from matplotlib>=1.4.3->seaborn->-r requirements.txt (line 17))
  Downloading http://mirrors.aliyun.com/pypi/packages/f7/d2/e07d3ebb2bd7af696440ce7e754c59dd546ffe1bbe732c8ab68b9c834e61/cycler-0.10.0-py2.py3-none-any.whl
Requirement already satisfied: pyrsistent>=0.14.0 in /root/miniconda3/envs/webapp/lib/python3.6/site-packages (from jsonschema->altair->-r requirements.txt (line 27)) (0.15.4)
Requirement already satisfied: attrs>=17.4.0 in /root/miniconda3/envs/webapp/lib/python3.6/site-packages (from jsonschema->altair->-r requirements.txt (line 27)) (19.2.0)
Collecting s3transfer<0.3.0,>=0.2.0 (from boto3->smart-open>=1.8.1->gensim->-r requirements.txt (line 16))
  Downloading http://mirrors.aliyun.com/pypi/packages/16/8a/1fc3dba0c4923c2a76e1ff0d52b305c44606da63f718d14d3231e21c51b0/s3transfer-0.2.1-py2.py3-none-any.whl (70kB)
Collecting botocore<1.13.0,>=1.12.253 (from boto3->smart-open>=1.8.1->gensim->-r requirements.txt (line 16))
  Downloading http://mirrors.aliyun.com/pypi/packages/8e/7b/88f10115b4748f86be6b7b1d8761ba5023fccf6e6cbe762e368f63eddcf9/botocore-1.12.253-py2.py3-none-any.whl (5.7MB)
Collecting jmespath<1.0.0,>=0.7.1 (from boto3->smart-open>=1.8.1->gensim->-r requirements.txt (line 16))
  Downloading http://mirrors.aliyun.com/pypi/packages/83/94/7179c3832a6d45b266ddb2aac329e101367fbdb11f425f13771d27f225bb/jmespath-0.9.4-py2.py3-none-any.whl
Collecting docutils<0.16,>=0.10 (from botocore<1.13.0,>=1.12.253->boto3->smart-open>=1.8.1->gensim->-r requirements.txt (line 16))
  Downloading http://mirrors.aliyun.com/pypi/packages/22/cd/a6aa959dca619918ccb55023b4cb151949c64d4d5d55b3f4ffd7eee0c6e8/docutils-0.15.2-py3-none-any.whl (547kB)
Building wheels for collected packages: dlib, tika, wave, nltk, dill, smart-open
  Building wheel for dlib (setup.py): started
  Building wheel for dlib (setup.py): still running...
  Building wheel for dlib (setup.py): still running...
  Building wheel for dlib (setup.py): still running...
  Building wheel for dlib (setup.py): finished with status 'error'
  ERROR: Command errored out with exit status 1:
   command: /root/miniconda3/envs/webapp/bin/python -u -c 'import sys, setuptools, tokenize; sys.argv[0] = '"'"'/tmp/pip-install-abeoye8u/dlib/setup.py'"'"'; __file__='"'"'/tmp/pip-install-abeoye8u/dlib/setup.py'"'"';f=getattr(tokenize, '"'"'open'"'"', open)(__file__);code=f.read().replace('"'"'\r\n'"'"', '"'"'\n'"'"');f.close();exec(compile(code, __file__, '"'"'exec'"'"'))' bdist_wheel -d /tmp/pip-wheel-s6luobbw --python-tag cp36
       cwd: /tmp/pip-install-abeoye8u/dlib/
  Complete output (241 lines):
  running bdist_wheel
  running build
  running build_py
  package init file 'dlib/__init__.py' not found (or not a regular file)
  running build_ext
  Building extension for Python 3.6.9 |Anaconda, Inc.| (default, Jul 30 2019, 19:07:31)
  Invoking CMake setup: 'cmake /tmp/pip-install-abeoye8u/dlib/tools/python -DCMAKE_LIBRARY_OUTPUT_DIRECTORY=/tmp/pip-install-abeoye8u/dlib/build/lib.linux-x86_64-3.6 -DPYTHON_EXECUTABLE=/root/miniconda3/envs/webapp/bin/python -DCMAKE_BUILD_TYPE=Release'
  -- The C compiler identification is GNU 5.4.0
  -- The CXX compiler identification is GNU 5.4.0
  -- Check for working C compiler: /usr/bin/cc
  -- Check for working C compiler: /usr/bin/cc -- works
  -- Detecting C compiler ABI info
  -- Detecting C compiler ABI info - done
  -- Detecting C compile features
  -- Detecting C compile features - done
  -- Check for working CXX compiler: /usr/bin/c++
  -- Check for working CXX compiler: /usr/bin/c++ -- works
  -- Detecting CXX compiler ABI info
  -- Detecting CXX compiler ABI info - done
  -- Detecting CXX compile features
  -- Detecting CXX compile features - done
  -- Found PythonInterp: /root/miniconda3/envs/webapp/bin/python (found version "3.6.9")
  -- Found PythonLibs: /root/miniconda3/envs/webapp/lib/libpython3.6m.so
  -- Performing Test HAS_CPP14_FLAG
  -- Performing Test HAS_CPP14_FLAG - Success
  -- pybind11 v2.2.2
  -- Using CMake version: 3.5.1
  -- Compiling dlib version: 19.18.0
  -- SSE4 instructions can be executed by the host processor.
  -- AVX instructions can be executed by the host processor.
  -- Enabling AVX instructions
  -- Looking for pthread.h
  -- Looking for pthread.h - found
  -- Looking for pthread_create
  -- Looking for pthread_create - not found
  -- Looking for pthread_create in pthreads
  -- Looking for pthread_create in pthreads - not found
  -- Looking for pthread_create in pthread
  -- Looking for pthread_create in pthread - found
  -- Found Threads: TRUE
   *****************************************************************************
   *** DLIB GUI SUPPORT DISABLED BECAUSE X11 DEVELOPMENT LIBRARIES NOT FOUND ***
   *** Make sure libx11-dev is installed if you want GUI support.            ***
   *** On Ubuntu run: sudo apt-get install libx11-dev                        ***
   *****************************************************************************
  -- Searching for BLAS and LAPACK
  -- Searching for BLAS and LAPACK
  -- Could NOT find PkgConfig (missing:  PKG_CONFIG_EXECUTABLE)
  -- Looking for sys/types.h
  -- Looking for sys/types.h - found
  -- Looking for stdint.h
  -- Looking for stdint.h - found
  -- Looking for stddef.h
  -- Looking for stddef.h - found
  -- Check size of void*
  -- Check size of void* - done
  -- Found Intel MKL BLAS/LAPACK library
  -- Looking for sgesv
  -- Looking for sgesv - found
  -- Looking for sgesv_
  -- Looking for sgesv_ - found
  CUDA_TOOLKIT_ROOT_DIR not found or specified
  -- Could NOT find CUDA (missing:  CUDA_TOOLKIT_ROOT_DIR CUDA_NVCC_EXECUTABLE CUDA_INCLUDE_DIRS CUDA_CUDART_LIBRARY) (Required is at least version "7.5")
  -- DID NOT FIND CUDA
  -- Disabling CUDA support for dlib.  DLIB WILL NOT USE CUDA
  -- C++11 activated.
  -- Configuring done
  -- Generating done
  -- Build files have been written to: /tmp/pip-install-abeoye8u/dlib/build/temp.linux-x86_64-3.6
  Invoking CMake build: 'cmake --build . --config Release -- -j1'
  Scanning dependencies of target dlib
  [  0%] Building CXX object dlib_build/CMakeFiles/dlib.dir/base64/base64_kernel_1.cpp.o
  [  1%] Building CXX object dlib_build/CMakeFiles/dlib.dir/bigint/bigint_kernel_1.cpp.o
  [  1%] Building CXX object dlib_build/CMakeFiles/dlib.dir/bigint/bigint_kernel_2.cpp.o
  [  2%] Building CXX object dlib_build/CMakeFiles/dlib.dir/bit_stream/bit_stream_kernel_1.cpp.o
  [  3%] Building CXX object dlib_build/CMakeFiles/dlib.dir/entropy_decoder/entropy_decoder_kernel_1.cpp.o
  [  3%] Building CXX object dlib_build/CMakeFiles/dlib.dir/entropy_decoder/entropy_decoder_kernel_2.cpp.o
  [  4%] Building CXX object dlib_build/CMakeFiles/dlib.dir/entropy_encoder/entropy_encoder_kernel_1.cpp.o
  [  5%] Building CXX object dlib_build/CMakeFiles/dlib.dir/entropy_encoder/entropy_encoder_kernel_2.cpp.o
  [  5%] Building CXX object dlib_build/CMakeFiles/dlib.dir/md5/md5_kernel_1.cpp.o
  [  6%] Building CXX object dlib_build/CMakeFiles/dlib.dir/tokenizer/tokenizer_kernel_1.cpp.o
  [  7%] Building CXX object dlib_build/CMakeFiles/dlib.dir/unicode/unicode.cpp.o
  [  7%] Building CXX object dlib_build/CMakeFiles/dlib.dir/data_io/image_dataset_metadata.cpp.o
  [  8%] Building CXX object dlib_build/CMakeFiles/dlib.dir/data_io/mnist.cpp.o
  [  9%] Building CXX object dlib_build/CMakeFiles/dlib.dir/global_optimization/global_function_search.cpp.o
  [  9%] Building CXX object dlib_build/CMakeFiles/dlib.dir/filtering/kalman_filter.cpp.o
  [ 10%] Building CXX object dlib_build/CMakeFiles/dlib.dir/test_for_odr_violations.cpp.o
  [ 11%] Building CXX object dlib_build/CMakeFiles/dlib.dir/svm/auto.cpp.o
  [ 11%] Building CXX object dlib_build/CMakeFiles/dlib.dir/sockets/sockets_kernel_1.cpp.o
  [ 12%] Building CXX object dlib_build/CMakeFiles/dlib.dir/bsp/bsp.cpp.o
  [ 13%] Building CXX object dlib_build/CMakeFiles/dlib.dir/dir_nav/dir_nav_kernel_1.cpp.o
  [ 13%] Building CXX object dlib_build/CMakeFiles/dlib.dir/dir_nav/dir_nav_kernel_2.cpp.o
  [ 14%] Building CXX object dlib_build/CMakeFiles/dlib.dir/dir_nav/dir_nav_extensions.cpp.o
  [ 15%] Building CXX object dlib_build/CMakeFiles/dlib.dir/linker/linker_kernel_1.cpp.o
  [ 15%] Building CXX object dlib_build/CMakeFiles/dlib.dir/logger/extra_logger_headers.cpp.o
  [ 16%] Building CXX object dlib_build/CMakeFiles/dlib.dir/logger/logger_kernel_1.cpp.o
  [ 16%] Building CXX object dlib_build/CMakeFiles/dlib.dir/logger/logger_config_file.cpp.o
  [ 17%] Building CXX object dlib_build/CMakeFiles/dlib.dir/misc_api/misc_api_kernel_1.cpp.o
  [ 18%] Building CXX object dlib_build/CMakeFiles/dlib.dir/misc_api/misc_api_kernel_2.cpp.o
  [ 18%] Building CXX object dlib_build/CMakeFiles/dlib.dir/sockets/sockets_extensions.cpp.o
  [ 19%] Building CXX object dlib_build/CMakeFiles/dlib.dir/sockets/sockets_kernel_2.cpp.o
  [ 20%] Building CXX object dlib_build/CMakeFiles/dlib.dir/sockstreambuf/sockstreambuf.cpp.o
  [ 20%] Building CXX object dlib_build/CMakeFiles/dlib.dir/sockstreambuf/sockstreambuf_unbuffered.cpp.o
  [ 21%] Building CXX object dlib_build/CMakeFiles/dlib.dir/server/server_kernel.cpp.o
  [ 22%] Building CXX object dlib_build/CMakeFiles/dlib.dir/server/server_iostream.cpp.o
  [ 22%] Building CXX object dlib_build/CMakeFiles/dlib.dir/server/server_http.cpp.o
  [ 23%] Building CXX object dlib_build/CMakeFiles/dlib.dir/threads/multithreaded_object_extension.cpp.o
  [ 24%] Building CXX object dlib_build/CMakeFiles/dlib.dir/threads/threaded_object_extension.cpp.o
  [ 24%] Building CXX object dlib_build/CMakeFiles/dlib.dir/threads/threads_kernel_1.cpp.o
  [ 25%] Building CXX object dlib_build/CMakeFiles/dlib.dir/threads/threads_kernel_2.cpp.o
  [ 26%] Building CXX object dlib_build/CMakeFiles/dlib.dir/threads/threads_kernel_shared.cpp.o
  [ 26%] Building CXX object dlib_build/CMakeFiles/dlib.dir/threads/thread_pool_extension.cpp.o
  [ 27%] Building CXX object dlib_build/CMakeFiles/dlib.dir/threads/async.cpp.o
  [ 28%] Building CXX object dlib_build/CMakeFiles/dlib.dir/timer/timer.cpp.o
  [ 28%] Building CXX object dlib_build/CMakeFiles/dlib.dir/stack_trace.cpp.o
  [ 29%] Building CXX object dlib_build/CMakeFiles/dlib.dir/cuda/cpu_dlib.cpp.o
  [ 30%] Building CXX object dlib_build/CMakeFiles/dlib.dir/cuda/tensor_tools.cpp.o
  [ 30%] Building C object dlib_build/CMakeFiles/dlib.dir/external/libpng/arm/arm_init.c.o
  [ 31%] Building C object dlib_build/CMakeFiles/dlib.dir/external/libpng/arm/filter_neon_intrinsics.c.o
  [ 32%] Building C object dlib_build/CMakeFiles/dlib.dir/external/libpng/png.c.o
  [ 32%] Building C object dlib_build/CMakeFiles/dlib.dir/external/libpng/pngerror.c.o
  [ 33%] Building C object dlib_build/CMakeFiles/dlib.dir/external/libpng/pngget.c.o
  [ 33%] Building C object dlib_build/CMakeFiles/dlib.dir/external/libpng/pngmem.c.o
  [ 34%] Building C object dlib_build/CMakeFiles/dlib.dir/external/libpng/pngpread.c.o
  [ 35%] Building C object dlib_build/CMakeFiles/dlib.dir/external/libpng/pngread.c.o
  [ 35%] Building C object dlib_build/CMakeFiles/dlib.dir/external/libpng/pngrio.c.o
  [ 36%] Building C object dlib_build/CMakeFiles/dlib.dir/external/libpng/pngrtran.c.o
  [ 37%] Building C object dlib_build/CMakeFiles/dlib.dir/external/libpng/pngrutil.c.o
  [ 37%] Building C object dlib_build/CMakeFiles/dlib.dir/external/libpng/pngset.c.o
  [ 38%] Building C object dlib_build/CMakeFiles/dlib.dir/external/libpng/pngtrans.c.o
  [ 39%] Building C object dlib_build/CMakeFiles/dlib.dir/external/libpng/pngwio.c.o
  [ 39%] Building C object dlib_build/CMakeFiles/dlib.dir/external/libpng/pngwrite.c.o
  [ 40%] Building C object dlib_build/CMakeFiles/dlib.dir/external/libpng/pngwtran.c.o
  [ 41%] Building C object dlib_build/CMakeFiles/dlib.dir/external/libpng/pngwutil.c.o
  [ 41%] Building C object dlib_build/CMakeFiles/dlib.dir/external/zlib/adler32.c.o
  [ 42%] Building C object dlib_build/CMakeFiles/dlib.dir/external/zlib/compress.c.o
  [ 43%] Building C object dlib_build/CMakeFiles/dlib.dir/external/zlib/crc32.c.o
  [ 43%] Building C object dlib_build/CMakeFiles/dlib.dir/external/zlib/deflate.c.o
  [ 44%] Building C object dlib_build/CMakeFiles/dlib.dir/external/zlib/gzclose.c.o
  [ 45%] Building C object dlib_build/CMakeFiles/dlib.dir/external/zlib/gzlib.c.o
  [ 45%] Building C object dlib_build/CMakeFiles/dlib.dir/external/zlib/gzread.c.o
  [ 46%] Building C object dlib_build/CMakeFiles/dlib.dir/external/zlib/gzwrite.c.o
  [ 47%] Building C object dlib_build/CMakeFiles/dlib.dir/external/zlib/infback.c.o
  [ 47%] Building C object dlib_build/CMakeFiles/dlib.dir/external/zlib/inffast.c.o
  [ 48%] Building C object dlib_build/CMakeFiles/dlib.dir/external/zlib/inflate.c.o
  [ 49%] Building C object dlib_build/CMakeFiles/dlib.dir/external/zlib/inftrees.c.o
  [ 49%] Building C object dlib_build/CMakeFiles/dlib.dir/external/zlib/trees.c.o
  [ 50%] Building C object dlib_build/CMakeFiles/dlib.dir/external/zlib/uncompr.c.o
  [ 50%] Building C object dlib_build/CMakeFiles/dlib.dir/external/zlib/zutil.c.o
  [ 51%] Building CXX object dlib_build/CMakeFiles/dlib.dir/image_loader/png_loader.cpp.o
  [ 52%] Building CXX object dlib_build/CMakeFiles/dlib.dir/image_saver/save_png.cpp.o
  [ 52%] Building C object dlib_build/CMakeFiles/dlib.dir/external/libjpeg/jaricom.c.o
  [ 53%] Building C object dlib_build/CMakeFiles/dlib.dir/external/libjpeg/jcapimin.c.o
  [ 54%] Building C object dlib_build/CMakeFiles/dlib.dir/external/libjpeg/jcapistd.c.o
  [ 54%] Building C object dlib_build/CMakeFiles/dlib.dir/external/libjpeg/jcarith.c.o
  [ 55%] Building C object dlib_build/CMakeFiles/dlib.dir/external/libjpeg/jccoefct.c.o
  [ 56%] Building C object dlib_build/CMakeFiles/dlib.dir/external/libjpeg/jccolor.c.o
  [ 56%] Building C object dlib_build/CMakeFiles/dlib.dir/external/libjpeg/jcdctmgr.c.o
  [ 57%] Building C object dlib_build/CMakeFiles/dlib.dir/external/libjpeg/jchuff.c.o
  [ 58%] Building C object dlib_build/CMakeFiles/dlib.dir/external/libjpeg/jcinit.c.o
  [ 58%] Building C object dlib_build/CMakeFiles/dlib.dir/external/libjpeg/jcmainct.c.o
  [ 59%] Building C object dlib_build/CMakeFiles/dlib.dir/external/libjpeg/jcmarker.c.o
  [ 60%] Building C object dlib_build/CMakeFiles/dlib.dir/external/libjpeg/jcmaster.c.o
  [ 60%] Building C object dlib_build/CMakeFiles/dlib.dir/external/libjpeg/jcomapi.c.o
  [ 61%] Building C object dlib_build/CMakeFiles/dlib.dir/external/libjpeg/jcparam.c.o
  [ 62%] Building C object dlib_build/CMakeFiles/dlib.dir/external/libjpeg/jcprepct.c.o
  [ 62%] Building C object dlib_build/CMakeFiles/dlib.dir/external/libjpeg/jcsample.c.o
  [ 63%] Building C object dlib_build/CMakeFiles/dlib.dir/external/libjpeg/jdapimin.c.o
  [ 64%] Building C object dlib_build/CMakeFiles/dlib.dir/external/libjpeg/jdapistd.c.o
  [ 64%] Building C object dlib_build/CMakeFiles/dlib.dir/external/libjpeg/jdarith.c.o
  [ 65%] Building C object dlib_build/CMakeFiles/dlib.dir/external/libjpeg/jdatadst.c.o
  [ 66%] Building C object dlib_build/CMakeFiles/dlib.dir/external/libjpeg/jdatasrc.c.o
  [ 66%] Building C object dlib_build/CMakeFiles/dlib.dir/external/libjpeg/jdcoefct.c.o
  [ 67%] Building C object dlib_build/CMakeFiles/dlib.dir/external/libjpeg/jdcolor.c.o
  [ 67%] Building C object dlib_build/CMakeFiles/dlib.dir/external/libjpeg/jddctmgr.c.o
  [ 68%] Building C object dlib_build/CMakeFiles/dlib.dir/external/libjpeg/jdhuff.c.o
  [ 69%] Building C object dlib_build/CMakeFiles/dlib.dir/external/libjpeg/jdinput.c.o
  [ 69%] Building C object dlib_build/CMakeFiles/dlib.dir/external/libjpeg/jdmainct.c.o
  [ 70%] Building C object dlib_build/CMakeFiles/dlib.dir/external/libjpeg/jdmarker.c.o
  [ 71%] Building C object dlib_build/CMakeFiles/dlib.dir/external/libjpeg/jdmaster.c.o
  [ 71%] Building C object dlib_build/CMakeFiles/dlib.dir/external/libjpeg/jdmerge.c.o
  [ 72%] Building C object dlib_build/CMakeFiles/dlib.dir/external/libjpeg/jdpostct.c.o
  [ 73%] Building C object dlib_build/CMakeFiles/dlib.dir/external/libjpeg/jdsample.c.o
  [ 73%] Building C object dlib_build/CMakeFiles/dlib.dir/external/libjpeg/jerror.c.o
  [ 74%] Building C object dlib_build/CMakeFiles/dlib.dir/external/libjpeg/jfdctflt.c.o
  [ 75%] Building C object dlib_build/CMakeFiles/dlib.dir/external/libjpeg/jfdctfst.c.o
  [ 75%] Building C object dlib_build/CMakeFiles/dlib.dir/external/libjpeg/jfdctint.c.o
  [ 76%] Building C object dlib_build/CMakeFiles/dlib.dir/external/libjpeg/jidctflt.c.o
  [ 77%] Building C object dlib_build/CMakeFiles/dlib.dir/external/libjpeg/jidctfst.c.o
  [ 77%] Building C object dlib_build/CMakeFiles/dlib.dir/external/libjpeg/jidctint.c.o
  [ 78%] Building C object dlib_build/CMakeFiles/dlib.dir/external/libjpeg/jmemmgr.c.o
  [ 79%] Building C object dlib_build/CMakeFiles/dlib.dir/external/libjpeg/jmemnobs.c.o
  [ 79%] Building C object dlib_build/CMakeFiles/dlib.dir/external/libjpeg/jquant1.c.o
  [ 80%] Building C object dlib_build/CMakeFiles/dlib.dir/external/libjpeg/jquant2.c.o
  [ 81%] Building C object dlib_build/CMakeFiles/dlib.dir/external/libjpeg/jutils.c.o
  [ 81%] Building CXX object dlib_build/CMakeFiles/dlib.dir/image_loader/jpeg_loader.cpp.o
  [ 82%] Building CXX object dlib_build/CMakeFiles/dlib.dir/image_saver/save_jpeg.cpp.o
  [ 83%] Linking CXX static library libdlib.a
  [ 83%] Built target dlib
  Scanning dependencies of target dlib_python
  [ 83%] Building CXX object CMakeFiles/dlib_python.dir/src/dlib.cpp.o
  [ 84%] Building CXX object CMakeFiles/dlib_python.dir/src/matrix.cpp.o
  CMakeFiles/dlib_python.dir/build.make:86: recipe for target 'CMakeFiles/dlib_python.dir/src/matrix.cpp.o' failed
  make[2]: *** [CMakeFiles/dlib_python.dir/src/matrix.cpp.o] Hangup
  CMakeFiles/Makefile2:67: recipe for target 'CMakeFiles/dlib_python.dir/all' failed
  make[1]: *** [CMakeFiles/dlib_python.dir/all] Hangup
  Makefile:83: recipe for target 'all' failed
  make: *** [all] Hangup
  SIGHUP
  CMake Error: Generator: execution of make failed. Make command was: "/usr/bin/make" "-j1"
  Traceback (most recent call last):
    File "<string>", line 1, in <module>
    File "/tmp/pip-install-abeoye8u/dlib/setup.py", line 261, in <module>
      'Topic :: Software Development',
    File "/root/miniconda3/envs/webapp/lib/python3.6/site-packages/setuptools/__init__.py", line 145, in setup
      return distutils.core.setup(**attrs)
    File "/root/miniconda3/envs/webapp/lib/python3.6/distutils/core.py", line 148, in setup
      dist.run_commands()
    File "/root/miniconda3/envs/webapp/lib/python3.6/distutils/dist.py", line 955, in run_commands
      self.run_command(cmd)
    File "/root/miniconda3/envs/webapp/lib/python3.6/distutils/dist.py", line 974, in run_command
      cmd_obj.run()
    File "/root/miniconda3/envs/webapp/lib/python3.6/site-packages/wheel/bdist_wheel.py", line 192, in run
      self.run_command('build')
    File "/root/miniconda3/envs/webapp/lib/python3.6/distutils/cmd.py", line 313, in run_command
      self.distribution.run_command(command)
    File "/root/miniconda3/envs/webapp/lib/python3.6/distutils/dist.py", line 974, in run_command
      cmd_obj.run()
    File "/root/miniconda3/envs/webapp/lib/python3.6/distutils/command/build.py", line 135, in run
      self.run_command(cmd_name)
    File "/root/miniconda3/envs/webapp/lib/python3.6/distutils/cmd.py", line 313, in run_command
      self.distribution.run_command(command)
    File "/root/miniconda3/envs/webapp/lib/python3.6/distutils/dist.py", line 974, in run_command
      cmd_obj.run()
    File "/tmp/pip-install-abeoye8u/dlib/setup.py", line 135, in run
      self.build_extension(ext)
    File "/tmp/pip-install-abeoye8u/dlib/setup.py", line 175, in build_extension
      subprocess.check_call(cmake_build, cwd=build_folder)
    File "/root/miniconda3/envs/webapp/lib/python3.6/subprocess.py", line 311, in check_call
      raise CalledProcessError(retcode, cmd)
  subprocess.CalledProcessError: Command '['cmake', '--build', '.', '--config', 'Release', '--', '-j1']' returned non-zero exit status 1.
  ----------------------------------------
  ERROR: Failed building wheel for dlib
  Running setup.py clean for dlib
  Building wheel for tika (setup.py): started
  Building wheel for tika (setup.py): finished with status 'done'
  Created wheel for tika: filename=tika-1.19-cp36-none-any.whl size=29224 sha256=cc3f40b01538853d7e72a6e6e4ede4eed332e44bb5d545c7bf3d7e24127ecd73
  Stored in directory: /root/.cache/pip/wheels/48/03/54/8587e82beee8d1e02586ecc0182782be9ff6d9cb489615aada
  Building wheel for wave (setup.py): started
  Building wheel for wave (setup.py): finished with status 'done'
  Created wheel for wave: filename=Wave-0.0.2-cp36-none-any.whl size=1246 sha256=f6052e51031f8523a2606cb623a5bdf10efcae19f03df8ca41b77b693cc6a16a
  Stored in directory: /root/.cache/pip/wheels/31/d0/69/e1749e54e32b0dbebde288034a535f4ee8d63b6a2f63def5f7
  Building wheel for nltk (setup.py): started
  Building wheel for nltk (setup.py): finished with status 'done'
  Created wheel for nltk: filename=nltk-3.4.5-cp36-none-any.whl size=1449909 sha256=4d499348767e27d6eb7d72d8c4cb7c318f065c9e8b69d1906f78657cad610776
  Stored in directory: /root/.cache/pip/wheels/8d/2b/90/0284937f291c5d0d62cdc8316ddea18c66c2bdcad99101b37f
  Building wheel for dill (setup.py): started
  Building wheel for dill (setup.py): finished with status 'done'
  Created wheel for dill: filename=dill-0.3.1.1-cp36-none-any.whl size=78532 sha256=7f03ff636b0088bbebb0c2ee4f3e8638f366e4a26e5242829746d68706b98053
  Stored in directory: /root/.cache/pip/wheels/df/32/5b/ccce8672f7654cbc30ced77bc03f00dd23f75afa30f5a5af89
  Building wheel for smart-open (setup.py): started
  Building wheel for smart-open (setup.py): finished with status 'done'
  Created wheel for smart-open: filename=smart_open-1.8.4-cp36-none-any.whl size=68202 sha256=e06b95b635590c256483b8a988bc76315702040c80d4d998e89fe572d1f2608b
  Stored in directory: /root/.cache/pip/wheels/5b/08/f7/ca31cfee407669498a23388c59f8c28d5128889c0dcb218130
Successfully built tika wave nltk dill smart-open
Failed to build dlib
Installing collected packages: click, itsdangerous, Flask, Gunicorn, cmake, scipy, dlib, tika, wave, nltk, boto, docutils, jmespath, botocore, s3transfer, boto3, smart-open, gensim, kiwisolver, pyparsing, cycler, matplotlib, seaborn, joblib, scikit-learn, dill, pyyaml, keras, pillow, wordcloud
  Running setup.py install for dlib: started
    Running setup.py install for dlib: still running...
    Running setup.py install for dlib: still running...
